<templateSet group="JUnit">
  <template name="test" value="@org.junit.Test&#10;public void $1$() {&#10;    $END$&#10;}" description="JUnit Test" toReformat="true" toShortenFQNames="true">
    <variable name="1" expression="" defaultValue="" alwaysStopAt="true" />
    <context>
      <option name="JAVA_CODE" value="true" />
    </context>
  </template>
</templateSet>