<templateSet group="JUnit">
  <template name="test" value="@org.junit.Test&#10;public void $1$() {&#10;    $END$&#10;}" description="JUnit Test" toReformat="true" toShortenFQNames="true" useStaticImport="true">
    <variable name="1" expression="" defaultValue="" alwaysStopAt="true" />
    <context>
      <option name="JAVA_DECLARATION" value="true" />
    </context>
  </template>
  <template name="bef" value="@org.junit.Before&#10;public void before() {&#10;    $END$&#10;}" description="JUnit Before Each" toReformat="true" toShortenFQNames="true" useStaticImport="true">
    <context>
      <option name="JAVA_DECLARATION" value="true" />
    </context>
  </template>
  <template name="aft" value="@org.junit.After&#10;public void after() {&#10;    $END$&#10;}" description="JUnit After Each" toReformat="true" toShortenFQNames="true" useStaticImport="true">
    <context>
      <option name="JAVA_DECLARATION" value="true" />
    </context>
  </template>
  <template name="befa" value="@org.junit.BeforeClass&#10;public static void beforeAll() {&#10;    $END$&#10;}" description="JUnit Before All" toReformat="true" toShortenFQNames="true" useStaticImport="true">
    <context>
      <option name="JAVA_DECLARATION" value="true" />
    </context>
  </template>
  <template name="afta" value="@org.junit.AfterClass&#10;public static void afterAll() {&#10;    $END$&#10;}" description="JUnit After All" toReformat="true" toShortenFQNames="true" useStaticImport="true">
    <context>
      <option name="JAVA_DECLARATION" value="true" />
    </context>
  </template>
</templateSet>